<?xml version="1.0" encoding="UTF-8"?>
<testsuite name="com.example.demo.services.impl.VehicleServiceImplTest" tests="6" skipped="0" failures="0" errors="0" timestamp="2025-12-28T23:42:01.822Z" hostname="DESKTOP-5F9MC75" time="0.061">
  <properties/>
  <testcase name="deleteVehicleNotFoundTest()" classname="com.example.demo.services.impl.VehicleServiceImplTest" time="0.031"/>
  <testcase name="updateVehicleTest()" classname="com.example.demo.services.impl.VehicleServiceImplTest" time="0.008"/>
  <testcase name="updateVehicleNotFoundTest()" classname="com.example.demo.services.impl.VehicleServiceImplTest" time="0.004"/>
  <testcase name="deleteVehicleTest()" classname="com.example.demo.services.impl.VehicleServiceImplTest" time="0.004"/>
  <testcase name="addVehicleTest()" classname="com.example.demo.services.impl.VehicleServiceImplTest" time="0.005"/>
  <testcase name="getAllVehiclesTest()" classname="com.example.demo.services.impl.VehicleServiceImplTest" time="0.004"/>
  <system-out><![CDATA[]]></system-out>
  <system-err><![CDATA[]]></system-err>
</testsuite>
